TN:
SF:src/services/liveService.js
FN:7,cadastrarLive
FN:15,listarLives
FNF:2
FNH:2
FNDA:6,cadastrarLive
FNDA:1,listarLives
DA:5,1
DA:8,6
DA:9,5
DA:10,4
DA:12,3
DA:16,1
DA:19,1
LF:7
LH:7
BRF:0
BRH:0
end_of_record
TN:
SF:src/utils/validacoes.js
FN:1,validarTitulo
FN:7,validarData
FN:13,validarHorario
FNF:3
FNH:3
FNDA:6,validarTitulo
FNDA:5,validarData
FNDA:4,validarHorario
DA:2,6
DA:3,1
DA:8,5
DA:9,1
DA:14,4
DA:15,1
DA:19,1
LF:7
LH:7
BRDA:2,0,0,1
BRDA:2,0,1,5
BRDA:2,1,0,6
BRDA:2,1,1,5
BRDA:8,2,0,1
BRDA:8,2,1,4
BRDA:8,3,0,5
BRDA:8,3,1,4
BRDA:14,4,0,1
BRDA:14,4,1,3
BRDA:14,5,0,4
BRDA:14,5,1,3
BRF:12
BRH:12
end_of_record
